2023-03-18 15:58:45-log: [Package] menu@1.0.0 enable
2023-03-18 15:58:45-log: [Package] profile@1.0.0 enable
2023-03-18 15:58:45-log: [Package] project@1.0.1 enable
2023-03-18 15:58:45-log: [Package] messages@1.0.0 enable
2023-03-18 15:58:45-log: [Package] program@1.0.0 enable
2023-03-18 15:58:45-log: [Package] device@1.0.1 enable
2023-03-18 15:58:45-log: [Package] ui-kit@1.0.1 enable
2023-03-18 15:58:45-log: [Package] tester@1.0.0 enable
2023-03-18 15:58:45-log: [Package] preferences@1.0.0 enable
2023-03-18 15:58:46-log: Setup mods mgr.: 737.488ms
2023-03-18 15:58:46-log: Profile changed: engine (modules.includeModules: 2d,audio,base,dragon-bones,gfx-webgl,gfx-webgl2,intersection-2d,marionette,particle-2d,physics-2d-box2d,profiler,spine,tiled-map,tween,ui,video,webview)
2023-03-18 15:58:47-log: [Package] engine@1.0.5 enable
2023-03-18 15:58:54-log: [Package] programming@1.0.0 enable
2023-03-18 15:58:54-log: [Package] engine-extends@1.0.0 enable
2023-03-18 15:58:55-log: [Package] asset-db@1.0.0 enable
2023-03-18 15:58:55-log: [Package] console@1.0.0 enable
2023-03-18 15:58:55-log: [Package] scene@1.0.0 enable
2023-03-18 15:58:55-log: [Package] about@1.0.0 enable
2023-03-18 15:58:56-log: [Package] server@1.0.0 enable
2023-03-18 15:58:56-log: [Package] utils@1.0.0 enable
2023-03-18 15:58:56-log: [Package] assets@1.0.0 enable
2023-03-18 15:58:56-log: [Package] inspector@1.0.0 enable
2023-03-18 15:58:56-log: [Package] hierarchy@1.0.0 enable
2023-03-18 15:59:08-log: [Package] builder@1.3.1 enable
2023-03-18 15:59:08-log: [Package] node-library@1.0.0 enable
2023-03-18 15:59:08-log: [Package] shortcuts@1.0.1 enable
2023-03-18 15:59:08-log: [Package] package-asset@1.0.0 enable
2023-03-18 15:59:08-log: [Package] reference-image@1.0.0 enable
2023-03-18 15:59:08-log: [Package] animation-graph@1.0.0 enable
2023-03-18 15:59:08-log: [Package] channel-upload-tools@1.0.0 enable
2023-03-18 15:59:08-log: [Package] runtime-dev-tools@1.0.0 enable
2023-03-18 15:59:09-log: [Package] lightmap@1.0.4 enable
2023-03-18 15:59:09-log: [Package] alipay-mini-game@1.0.0 enable
2023-03-18 15:59:09-log: [Package] android@1.0.0 enable
2023-03-18 15:59:09-log: [Package] baidu-mini-game@1.0.0 enable
2023-03-18 15:59:09-log: [Package] bytedance-mini-game@1.0.1 enable
2023-03-18 15:59:09-log: [Package] huawei-agc@1.0.0 enable
2023-03-18 15:59:18-log: [Package] ios@1.0.0 enable
2023-03-18 15:59:18-log: [Package] ios-app-clip@1.0.0 enable
2023-03-18 15:59:18-log: [Package] mac@1.0.0 enable
2023-03-18 15:59:19-log: [Package] native@1.0.0 enable
2023-03-18 15:59:19-log: [Package] ohos@1.0.0 enable
2023-03-18 15:59:19-log: [Package] web-desktop@1.0.0 enable
2023-03-18 15:59:19-log: [Package] web-mobile@1.0.0 enable
2023-03-18 15:59:20-log: [Package] wechatgame@1.0.1 enable
2023-03-18 15:59:20-log: [Package] windows@1.0.0 enable
2023-03-18 15:59:20-log: [Package] xiaomi-quick-game@1.0.0 enable
2023-03-18 15:59:20-log: [Package] cocos-play@1.0.0 enable
2023-03-18 15:59:20-log: [Package] huawei-quick-game@1.0.0 enable
2023-03-18 15:59:20-log: [Package] link-sure@1.0.0 enable
2023-03-18 15:59:20-log: [Package] oppo-mini-game@1.0.0 enable
2023-03-18 15:59:20-log: [Package] qtt@1.0.0 enable
2023-03-18 15:59:20-log: [Package] vivo-mini-game@1.0.0 enable
2023-03-18 15:59:21-log: [Package] cocos-service@3.0.2 enable
2023-03-18 15:59:21-log: [Package] importer@1.0.0 enable
2023-03-18 15:59:22-log: [Package] extension@3.0.15 enable
2023-03-18 15:59:24-log: [Im-plugin] Check im-plugin version.
2023-03-18 15:59:24-log: [Package] im-plugin@3.0.8 enable
2023-03-18 15:59:26-error: [Asset DB] Importer exec failed: {asset[/Users/5p4rk3r/Projects/JS:TS/Cocos/Mystic Woods/assets/PSD/concepts.psd@f9941](f09394bb-3e79-4216-8f70-4b3aec8d121c@f9941)}
2023-03-18 15:59:26-error: [Asset DB] Input file contains unsupported image format
2023-03-18 15:59:26-error: [Asset DB] Importer exec failed: {asset[/Users/5p4rk3r/Projects/JS:TS/Cocos/Mystic Woods/assets/PSD/environment/environment.psd@f9941](f261f59c-712c-4d17-a913-cbbd3cbdec23@f9941)}
2023-03-18 15:59:26-error: [Asset DB] Input file contains unsupported image format
2023-03-18 15:59:26-log: [Im-plugin] No online info of im-plugin.
2023-03-18 15:59:26-error: [Asset DB] Importer exec failed: {asset[/Users/5p4rk3r/Projects/JS:TS/Cocos/Mystic Woods/assets/PSD/misc/title-screen.psd@f9941](1851c969-263f-4aab-827e-e8f3e62b5f7b@f9941)}
2023-03-18 15:59:26-error: [Asset DB] Input file contains unsupported image format
2023-03-18 15:59:26-error: [Asset DB] Importer exec failed: {asset[/Users/5p4rk3r/Projects/JS:TS/Cocos/Mystic Woods/assets/PSD/sprites/misc/coin.psd@f9941](25e7255e-3ca3-4477-8e10-ff9825e26f58@f9941)}
2023-03-18 15:59:26-error: [Asset DB] Input file contains unsupported image format
2023-03-18 15:59:26-error: [Asset DB] Importer exec failed: {asset[/Users/5p4rk3r/Projects/JS:TS/Cocos/Mystic Woods/assets/PSD/sprites/misc/enemy-death.psd@f9941](b801cb77-0d3a-4af6-819b-1c45782598e0@f9941)}
2023-03-18 15:59:26-error: [Asset DB] Input file contains unsupported image format
2023-03-18 15:59:26-error: [Asset DB] Importer exec failed: {asset[/Users/5p4rk3r/Projects/JS:TS/Cocos/Mystic Woods/assets/PSD/sprites/misc/gem.psd@f9941](cff83f8b-5836-4dc3-9ded-66501e16f72c@f9941)}
2023-03-18 15:59:26-error: [Asset DB] Input file contains unsupported image format
2023-03-18 15:59:26-error: [Asset DB] Importer exec failed: {asset[/Users/5p4rk3r/Projects/JS:TS/Cocos/Mystic Woods/assets/PSD/sprites/hero/attack/hero-attack-back.psd@f9941](7f200243-4827-47c2-a881-a52e8050be50@f9941)}
2023-03-18 15:59:26-error: [Asset DB] Input file contains unsupported image format
2023-03-18 15:59:26-error: [Asset DB] Importer exec failed: {asset[/Users/5p4rk3r/Projects/JS:TS/Cocos/Mystic Woods/assets/PSD/sprites/hero/attack/hero-attack-front.psd@f9941](892c3f3d-e323-42a2-b007-4612245352ed@f9941)}
2023-03-18 15:59:26-error: [Asset DB] Input file contains unsupported image format
2023-03-18 15:59:26-error: [Asset DB] Importer exec failed: {asset[/Users/5p4rk3r/Projects/JS:TS/Cocos/Mystic Woods/assets/PSD/sprites/hero/attack/hero-attack-side.psd@f9941](46a5eb80-446e-4908-a178-3f5746b8962c@f9941)}
2023-03-18 15:59:26-error: [Asset DB] Input file contains unsupported image format
2023-03-18 15:59:26-error: [Asset DB] Importer exec failed: {asset[/Users/5p4rk3r/Projects/JS:TS/Cocos/Mystic Woods/assets/PSD/sprites/hero/idle/hero-idle-back.psd@f9941](0c2281c8-f560-4753-8bda-2875e258e023@f9941)}
2023-03-18 15:59:26-error: [Asset DB] Input file contains unsupported image format
2023-03-18 15:59:26-error: [Asset DB] Importer exec failed: {asset[/Users/5p4rk3r/Projects/JS:TS/Cocos/Mystic Woods/assets/PSD/sprites/hero/idle/hero-idle-front.psd@f9941](00e090ae-aca9-4e97-8de1-946645599238@f9941)}
2023-03-18 15:59:26-error: [Asset DB] Input file contains unsupported image format
2023-03-18 15:59:26-error: [Asset DB] Importer exec failed: {asset[/Users/5p4rk3r/Projects/JS:TS/Cocos/Mystic Woods/assets/PSD/sprites/hero/idle/hero-idle-side.psd@f9941](90f849fa-609a-4673-845d-86fb3700e832@f9941)}
2023-03-18 15:59:26-error: [Asset DB] Input file contains unsupported image format
2023-03-18 15:59:26-error: [Asset DB] Importer exec failed: {asset[/Users/5p4rk3r/Projects/JS:TS/Cocos/Mystic Woods/assets/PSD/sprites/hero/walk/hero-walk-front.psd@f9941](0363c9d4-94c8-4a90-a8c9-30ce6ba65e04@f9941)}
2023-03-18 15:59:26-error: [Asset DB] Input file contains unsupported image format
2023-03-18 15:59:26-error: [Asset DB] Importer exec failed: {asset[/Users/5p4rk3r/Projects/JS:TS/Cocos/Mystic Woods/assets/PSD/sprites/hero/walk/hero-walk-side.psd@f9941](1a96abb0-3370-472e-a60d-69f5f5c300cb@f9941)}
2023-03-18 15:59:26-error: [Asset DB] Input file contains unsupported image format
2023-03-18 15:59:26-error: [Asset DB] Importer exec failed: {asset[/Users/5p4rk3r/Projects/JS:TS/Cocos/Mystic Woods/assets/PSD/sprites/hero/walk/hero-walk-walk.psd@f9941](77325adb-c645-4d0e-9ed6-edb12701ab5d@f9941)}
2023-03-18 15:59:26-error: [Asset DB] Input file contains unsupported image format
2023-03-18 15:59:26-error: [Asset DB] Importer exec failed: {asset[/Users/5p4rk3r/Projects/JS:TS/Cocos/Mystic Woods/assets/PSD/sprites/enemies/mole/idle/mole-idle-back.psd@f9941](5856bb81-1ccb-4a35-8a33-4b735f229050@f9941)}
2023-03-18 15:59:26-error: [Asset DB] Input file contains unsupported image format
2023-03-18 15:59:26-error: [Asset DB] Importer exec failed: {asset[/Users/5p4rk3r/Projects/JS:TS/Cocos/Mystic Woods/assets/PSD/sprites/enemies/mole/idle/mole-idle-front.psd@f9941](ec23ee71-5fbf-4838-bbed-9a026dbfcca4@f9941)}
2023-03-18 15:59:26-error: [Asset DB] Input file contains unsupported image format
2023-03-18 15:59:26-error: [Asset DB] Importer exec failed: {asset[/Users/5p4rk3r/Projects/JS:TS/Cocos/Mystic Woods/assets/PSD/sprites/enemies/mole/idle/mole-idle-side.psd@f9941](f5dcc996-368a-45ab-b3b2-1586ea010095@f9941)}
2023-03-18 15:59:26-error: [Asset DB] Input file contains unsupported image format
2023-03-18 15:59:26-error: [Asset DB] Importer exec failed: {asset[/Users/5p4rk3r/Projects/JS:TS/Cocos/Mystic Woods/assets/PSD/sprites/enemies/mole/walk/mole-walk-back.psd@f9941](ba1df1d9-8d71-4449-b4c5-50047b48a553@f9941)}
2023-03-18 15:59:26-error: [Asset DB] Input file contains unsupported image format
2023-03-18 15:59:26-error: [Asset DB] Importer exec failed: {asset[/Users/5p4rk3r/Projects/JS:TS/Cocos/Mystic Woods/assets/PSD/sprites/enemies/mole/walk/mole-walk-front.psd@f9941](ba12e606-766b-4806-9af1-ad25cf39cba7@f9941)}
2023-03-18 15:59:26-error: [Asset DB] Input file contains unsupported image format
2023-03-18 15:59:26-error: [Asset DB] Importer exec failed: {asset[/Users/5p4rk3r/Projects/JS:TS/Cocos/Mystic Woods/assets/PSD/sprites/enemies/mole/walk/mole-walk-side.psd@f9941](2dc74b00-5e19-4e7c-8502-ed6833679c8d@f9941)}
2023-03-18 15:59:26-error: [Asset DB] Input file contains unsupported image format
2023-03-18 15:59:26-error: [Asset DB] Importer exec failed: {asset[/Users/5p4rk3r/Projects/JS:TS/Cocos/Mystic Woods/assets/PSD/sprites/enemies/treant/idle/treant-idle-back.psd@f9941](69231682-5ef2-4707-bded-bb633cd8f594@f9941)}
2023-03-18 15:59:26-error: [Asset DB] Input file contains unsupported image format
2023-03-18 15:59:26-error: [Asset DB] Importer exec failed: {asset[/Users/5p4rk3r/Projects/JS:TS/Cocos/Mystic Woods/assets/PSD/sprites/enemies/treant/idle/treant-idle-front.psd@f9941](4c0747b7-eb2b-4925-89c8-532332b15560@f9941)}
2023-03-18 15:59:26-error: [Asset DB] Input file contains unsupported image format
2023-03-18 15:59:26-error: [Asset DB] Importer exec failed: {asset[/Users/5p4rk3r/Projects/JS:TS/Cocos/Mystic Woods/assets/PSD/sprites/enemies/treant/idle/treant-idle-side.psd@f9941](ad96a718-0365-4748-b767-5a9b50fd073a@f9941)}
2023-03-18 15:59:26-error: [Asset DB] Input file contains unsupported image format
2023-03-18 15:59:26-error: [Asset DB] Importer exec failed: {asset[/Users/5p4rk3r/Projects/JS:TS/Cocos/Mystic Woods/assets/PSD/sprites/enemies/treant/walk/treant-walk-back.psd@f9941](540edfe5-2e4b-4bed-b849-2379e216b205@f9941)}
2023-03-18 15:59:26-error: [Asset DB] Input file contains unsupported image format
2023-03-18 15:59:26-error: [Asset DB] Importer exec failed: {asset[/Users/5p4rk3r/Projects/JS:TS/Cocos/Mystic Woods/assets/PSD/sprites/enemies/treant/walk/treant-walk-front.psd@f9941](8e7254a6-dc69-432a-8a2e-cab3069a5e90@f9941)}
2023-03-18 15:59:26-error: [Asset DB] Input file contains unsupported image format
2023-03-18 15:59:26-error: [Asset DB] Importer exec failed: {asset[/Users/5p4rk3r/Projects/JS:TS/Cocos/Mystic Woods/assets/PSD/sprites/enemies/treant/walk/treant-walk-side.psd@f9941](57e28fd9-ec38-4dcb-9c45-9ef6eff88eef@f9941)}
2023-03-18 15:59:26-error: [Asset DB] Input file contains unsupported image format
2023-03-18 15:59:26-warn: Browserslist: caniuse-lite is outdated. Please run:
npx browserslist@latest --update-db

Why you should do it regularly:
https://github.com/browserslist/browserslist#browsers-data-updating
2023-03-18 15:59:33-log: [Scene] Cocos Creator v3.4.2
2023-03-18 15:59:33-error: [Scene] Player is not defined
2023-03-18 15:59:33-error: [Scene] PIXI is not defined
2023-03-18 15:59:33-info: [Scene] Forward render pipeline initialized.
2023-03-18 15:59:36-error: [Scene] Player is not defined
2023-03-18 15:59:36-error: [Scene] PIXI is not defined
2023-03-18 16:01:24-error: [Preview]Player is not defined
2023-03-18 16:01:24-error: [Preview]ReferenceError: Player is not defined
    at http://localhost:7456/scripting/x/mods/fs/0/assets/Demo/game.js:538:18
    at http://localhost:7456/scripting/x/mods/fs/0/assets/Demo/game.js:811:11
    at CjsLoader._load (http://localhost:7456/scripting/x/mods/cce/internal/ml/cjs-loader.js:94:11)
    at CjsLoader._tryModuleLoad (http://localhost:7456/scripting/x/mods/cce/internal/ml/cjs-loader.js:79:18)
    at CjsLoader._require (http://localhost:7456/scripting/x/mods/cce/internal/ml/cjs-loader.js:52:16)
    at CjsLoader.require (http://localhost:7456/scripting/x/mods/cce/internal/ml/cjs-loader.js:20:23)
    at Object.execute (http://localhost:7456/scripting/x/mods/fs/0/assets/Demo/game.proxy.js@63cjs&original=.js:41:14)
    at doExec (http://localhost:7456/scripting/systemjs/system.js:467:34)
    at postOrderExec (http://localhost:7456/scripting/systemjs/system.js:463:12)
    at http://localhost:7456/scripting/systemjs/system.js:449:30
