debug: Sat, 18 Mar 2023 10:28:54 GMT
debug: Project: /Users/5p4rk3r/Projects/JS:TS/Cocos/Mystic Woods
debug: Targets: editor,preview
debug: Incremental file seems great.
debug: Engine path: /Applications/CocosCreator/Creator/3.4.2/CocosCreator.app/Contents/Resources/resources/3d/engine
debug: Initializing target [Editor]
debug: Loading cache
debug: Loading cache costs 5.555711030960083ms.
debug: Engine features shipped in editor: base,gfx-webgl,gfx-webgl2,3d,2d,ui,particle,particle-2d,physics-framework,physics-2d-framework,intersection-2d,primitive,profiler,audio,video,terrain,webview,tween,tiled-map,spine,dragon-bones,marionette
debug: Initializing target [Preview]
debug: Loading cache
debug: Loading cache costs 14.199562013149261ms.
debug: Sync engine features: 2d,audio,base,dragon-bones,gfx-webgl,gfx-webgl2,intersection-2d,marionette,particle-2d,physics-2d-box2d,profiler,spine,tiled-map,tween,ui,video,webview
debug: Pulling asset-db.
debug: Fetch asset-db cost: 196.04970395565033ms.
debug: Build iteration starts.
Number of accumulated asset changes: 3
Feature changed: false
debug: Target(editor) build started.
debug: Detected change: cce:/internal/x/cc. Last mtime: Thu Jan 01 1970 05:30:25 GMT+0530 (India Standard Time), Current mtime: Thu Jan 01 1970 05:30:21 GMT+0530 (India Standard Time)
debug: Inspect cce:/internal/x/cc
debug: Resolve cce:/internal/x/cc-fu/base from cce:/internal/x/cc as external dependency cce:/internal/x/cc-fu/base.
debug: Resolve cce:/internal/x/cc-fu/gfx-webgl from cce:/internal/x/cc as external dependency cce:/internal/x/cc-fu/gfx-webgl.
debug: Resolve cce:/internal/x/cc-fu/gfx-webgl2 from cce:/internal/x/cc as external dependency cce:/internal/x/cc-fu/gfx-webgl2.
debug: Resolve cce:/internal/x/cc-fu/3d from cce:/internal/x/cc as external dependency cce:/internal/x/cc-fu/3d.
debug: Resolve cce:/internal/x/cc-fu/2d from cce:/internal/x/cc as external dependency cce:/internal/x/cc-fu/2d.
debug: Resolve cce:/internal/x/cc-fu/ui from cce:/internal/x/cc as external dependency cce:/internal/x/cc-fu/ui.
debug: Resolve cce:/internal/x/cc-fu/particle from cce:/internal/x/cc as external dependency cce:/internal/x/cc-fu/particle.
debug: Resolve cce:/internal/x/cc-fu/particle-2d from cce:/internal/x/cc as external dependency cce:/internal/x/cc-fu/particle-2d.
debug: Resolve cce:/internal/x/cc-fu/physics-framework from cce:/internal/x/cc as external dependency cce:/internal/x/cc-fu/physics-framework.
debug: Resolve cce:/internal/x/cc-fu/physics-2d-framework from cce:/internal/x/cc as external dependency cce:/internal/x/cc-fu/physics-2d-framework.
debug: Resolve cce:/internal/x/cc-fu/intersection-2d from cce:/internal/x/cc as external dependency cce:/internal/x/cc-fu/intersection-2d.
debug: Resolve cce:/internal/x/cc-fu/primitive from cce:/internal/x/cc as external dependency cce:/internal/x/cc-fu/primitive.
debug: Resolve cce:/internal/x/cc-fu/profiler from cce:/internal/x/cc as external dependency cce:/internal/x/cc-fu/profiler.
debug: Resolve cce:/internal/x/cc-fu/audio from cce:/internal/x/cc as external dependency cce:/internal/x/cc-fu/audio.
debug: Resolve cce:/internal/x/cc-fu/video from cce:/internal/x/cc as external dependency cce:/internal/x/cc-fu/video.
debug: Resolve cce:/internal/x/cc-fu/terrain from cce:/internal/x/cc as external dependency cce:/internal/x/cc-fu/terrain.
debug: Resolve cce:/internal/x/cc-fu/webview from cce:/internal/x/cc as external dependency cce:/internal/x/cc-fu/webview.
debug: Resolve cce:/internal/x/cc-fu/tween from cce:/internal/x/cc as external dependency cce:/internal/x/cc-fu/tween.
debug: Resolve cce:/internal/x/cc-fu/tiled-map from cce:/internal/x/cc as external dependency cce:/internal/x/cc-fu/tiled-map.
debug: Resolve cce:/internal/x/cc-fu/spine from cce:/internal/x/cc as external dependency cce:/internal/x/cc-fu/spine.
debug: Resolve cce:/internal/x/cc-fu/dragon-bones from cce:/internal/x/cc as external dependency cce:/internal/x/cc-fu/dragon-bones.
debug: Detected change: cce:/internal/x/prerequisite-imports. Last mtime: Thu Jan 01 1970 06:52:44 GMT+0530 (India Standard Time), Current mtime: Thu Jan 01 1970 05:30:54 GMT+0530 (India Standard Time)
debug: Inspect cce:/internal/x/prerequisite-imports
debug: Resolve file:///Users/5p4rk3r/Projects/JS:TS/Cocos/Mystic%20Woods/assets/scripts/Player.ts from cce:/internal/x/prerequisite-imports as file:///Users/5p4rk3r/Projects/JS:TS/Cocos/Mystic%20Woods/assets/scripts/Player.ts.
debug: Create cjs interop url for 'file:///Users/5p4rk3r/Projects/JS:TS/Cocos/Mystic%20Woods/assets/Demo/game.js'
debug: Resolve file:///Users/5p4rk3r/Projects/JS:TS/Cocos/Mystic%20Woods/assets/Demo/game.js from cce:/internal/x/prerequisite-imports as file:///Users/5p4rk3r/Projects/JS:TS/Cocos/Mystic%20Woods/assets/Demo/game.mjs?cjs=&original=.js.
debug: Create cjs interop url for 'file:///Users/5p4rk3r/Projects/JS:TS/Cocos/Mystic%20Woods/assets/Demo/phaser.min.js'
debug: Resolve file:///Users/5p4rk3r/Projects/JS:TS/Cocos/Mystic%20Woods/assets/Demo/phaser.min.js from cce:/internal/x/prerequisite-imports as file:///Users/5p4rk3r/Projects/JS:TS/Cocos/Mystic%20Woods/assets/Demo/phaser.min.mjs?cjs=&original=.js.
debug: Detected change: cce:/internal/code-quality/cr.mjs. Last mtime: Fri Apr 01 2022 11:05:23 GMT+0530 (India Standard Time), Current mtime: Sat Mar 18 2023 15:58:32 GMT+0530 (India Standard Time)
debug: Detected change: cce:/internal/ml/cjs-loader.mjs. Last mtime: Fri Apr 01 2022 11:05:23 GMT+0530 (India Standard Time), Current mtime: Sat Mar 18 2023 15:58:32 GMT+0530 (India Standard Time)
debug: Inspect cce:/internal/code-quality/cr.mjs
debug: Inspect cce:/internal/ml/cjs-loader.mjs
debug: Target(editor) ends with cost 653.382690012455ms.
debug: Target(preview) build started.
debug: Detected change: cce:/internal/x/cc. Last mtime: Thu Jan 01 1970 05:30:25 GMT+0530 (India Standard Time), Current mtime: Thu Jan 01 1970 05:30:21 GMT+0530 (India Standard Time)
debug: Inspect cce:/internal/x/cc
debug: Resolve cce:/internal/x/cc-fu/2d from cce:/internal/x/cc as external dependency cce:/internal/x/cc-fu/2d.
debug: Resolve cce:/internal/x/cc-fu/audio from cce:/internal/x/cc as external dependency cce:/internal/x/cc-fu/audio.
debug: Resolve cce:/internal/x/cc-fu/base from cce:/internal/x/cc as external dependency cce:/internal/x/cc-fu/base.
debug: Resolve cce:/internal/x/cc-fu/dragon-bones from cce:/internal/x/cc as external dependency cce:/internal/x/cc-fu/dragon-bones.
debug: Resolve cce:/internal/x/cc-fu/gfx-webgl from cce:/internal/x/cc as external dependency cce:/internal/x/cc-fu/gfx-webgl.
debug: Resolve cce:/internal/x/cc-fu/gfx-webgl2 from cce:/internal/x/cc as external dependency cce:/internal/x/cc-fu/gfx-webgl2.
debug: Resolve cce:/internal/x/cc-fu/intersection-2d from cce:/internal/x/cc as external dependency cce:/internal/x/cc-fu/intersection-2d.
debug: Resolve cce:/internal/x/cc-fu/particle-2d from cce:/internal/x/cc as external dependency cce:/internal/x/cc-fu/particle-2d.
debug: Resolve cce:/internal/x/cc-fu/physics-2d-box2d from cce:/internal/x/cc as external dependency cce:/internal/x/cc-fu/physics-2d-box2d.
debug: Resolve cce:/internal/x/cc-fu/physics-2d-framework from cce:/internal/x/cc as external dependency cce:/internal/x/cc-fu/physics-2d-framework.
debug: Resolve cce:/internal/x/cc-fu/profiler from cce:/internal/x/cc as external dependency cce:/internal/x/cc-fu/profiler.
debug: Resolve cce:/internal/x/cc-fu/spine from cce:/internal/x/cc as external dependency cce:/internal/x/cc-fu/spine.
debug: Resolve cce:/internal/x/cc-fu/tiled-map from cce:/internal/x/cc as external dependency cce:/internal/x/cc-fu/tiled-map.
debug: Resolve cce:/internal/x/cc-fu/tween from cce:/internal/x/cc as external dependency cce:/internal/x/cc-fu/tween.
debug: Resolve cce:/internal/x/cc-fu/ui from cce:/internal/x/cc as external dependency cce:/internal/x/cc-fu/ui.
debug: Resolve cce:/internal/x/cc-fu/video from cce:/internal/x/cc as external dependency cce:/internal/x/cc-fu/video.
debug: Resolve cce:/internal/x/cc-fu/webview from cce:/internal/x/cc as external dependency cce:/internal/x/cc-fu/webview.
debug: Detected change: cce:/internal/x/prerequisite-imports. Last mtime: Thu Jan 01 1970 06:52:45 GMT+0530 (India Standard Time), Current mtime: Thu Jan 01 1970 05:30:54 GMT+0530 (India Standard Time)
debug: Inspect cce:/internal/x/prerequisite-imports
debug: Resolve file:///Users/5p4rk3r/Projects/JS:TS/Cocos/Mystic%20Woods/assets/scripts/Player.ts from cce:/internal/x/prerequisite-imports as file:///Users/5p4rk3r/Projects/JS:TS/Cocos/Mystic%20Woods/assets/scripts/Player.ts.
debug: Create cjs interop url for 'file:///Users/5p4rk3r/Projects/JS:TS/Cocos/Mystic%20Woods/assets/Demo/game.js'
debug: Resolve file:///Users/5p4rk3r/Projects/JS:TS/Cocos/Mystic%20Woods/assets/Demo/game.js from cce:/internal/x/prerequisite-imports as file:///Users/5p4rk3r/Projects/JS:TS/Cocos/Mystic%20Woods/assets/Demo/game.mjs?cjs=&original=.js.
debug: Create cjs interop url for 'file:///Users/5p4rk3r/Projects/JS:TS/Cocos/Mystic%20Woods/assets/Demo/phaser.min.js'
debug: Resolve file:///Users/5p4rk3r/Projects/JS:TS/Cocos/Mystic%20Woods/assets/Demo/phaser.min.js from cce:/internal/x/prerequisite-imports as file:///Users/5p4rk3r/Projects/JS:TS/Cocos/Mystic%20Woods/assets/Demo/phaser.min.mjs?cjs=&original=.js.
debug: Detected change: cce:/internal/code-quality/cr.mjs. Last mtime: Fri Apr 01 2022 11:05:23 GMT+0530 (India Standard Time), Current mtime: Sat Mar 18 2023 15:58:32 GMT+0530 (India Standard Time)
debug: Detected change: cce:/internal/ml/cjs-loader.mjs. Last mtime: Fri Apr 01 2022 11:05:23 GMT+0530 (India Standard Time), Current mtime: Sat Mar 18 2023 15:58:32 GMT+0530 (India Standard Time)
debug: Inspect cce:/internal/code-quality/cr.mjs
debug: Inspect cce:/internal/ml/cjs-loader.mjs
debug: Target(preview) ends with cost 626.2037020325661ms.
